18:09:53: Creating resource group General
18:09:53: Creating resource group Internal
18:09:53: Creating resource group Autodetect
18:09:53: SceneManagerFactory for type 'DefaultSceneManager' registered.
18:09:53: Registering ResourceManager for type Material
18:09:53: Registering ResourceManager for type Mesh
18:09:53: Registering ResourceManager for type Skeleton
18:09:53: MovableObjectFactory for type 'ParticleSystem' registered.
18:09:53: ArchiveFactory for archive type FileSystem registered.
18:09:53: ArchiveFactory for archive type Zip registered.
18:09:53: ArchiveFactory for archive type EmbeddedZip registered.
18:09:53: DDS codec registering
18:09:53: FreeImage version: 3.13.1
18:09:53: This program uses FreeImage, a free, open source image library supporting all common bitmap formats. See http://freeimage.sourceforge.net for details
18:09:53: Supported formats: bmp,ico,jpg,jif,jpeg,jpe,jng,koa,iff,lbm,mng,pbm,pbm,pcd,pcx,pgm,pgm,png,ppm,ppm,ras,tga,targa,tif,tiff,wap,wbmp,wbm,psd,cut,xbm,xpm,gif,hdr,g3,sgi,exr,j2k,j2c,jp2,pfm,pct,pict,pic,bay,bmq,cr2,crw,cs1,dc2,dcr,dng,erf,fff,hdr,k25,kdc,mdc,mos,mrw,nef,orf,pef,pxn,raf,raw,rdc,sr2,srf,arw,3fr,cine,ia,kc2,mef,nrw,qtk,rw2,sti,drf,dsc,ptx,cap,iiq,rwz
18:09:53: Registering ResourceManager for type HighLevelGpuProgram
18:09:53: Registering ResourceManager for type Compositor
18:09:53: MovableObjectFactory for type 'Entity' registered.
18:09:53: MovableObjectFactory for type 'Light' registered.
18:09:53: MovableObjectFactory for type 'BillboardSet' registered.
18:09:53: MovableObjectFactory for type 'ManualObject' registered.
18:09:53: MovableObjectFactory for type 'BillboardChain' registered.
18:09:53: MovableObjectFactory for type 'RibbonTrail' registered.
18:09:53: Loading library .\RenderSystem_GL
18:09:53: Installing plugin: GL RenderSystem
18:09:53: OpenGL Rendering Subsystem created.
18:09:53: Plugin successfully installed
18:09:53: *-*-* OGRE Initialising
18:09:53: *-*-* Version 1.10.0unstable (Xalafu)
18:09:56: CPU Identifier & Features
18:09:56: -------------------------
18:09:56:  *   CPU ID: GenuineIntel: Intel(R) Core(TM) i5-4210M CPU @ 2.60GHz
18:09:56:  *      SSE: yes
18:09:56:  *     SSE2: yes
18:09:56:  *     SSE3: yes
18:09:56:  *      MMX: yes
18:09:56:  *   MMXEXT: yes
18:09:56:  *    3DNOW: no
18:09:56:  * 3DNOWEXT: no
18:09:56:  *     CMOV: yes
18:09:56:  *      TSC: yes
18:09:56:  *      FPU: yes
18:09:56:  *      PRO: yes
18:09:56:  *       HT: no
18:09:56: -------------------------
18:09:56: *** Starting Win32GL Subsystem ***
18:09:56: Registering ResourceManager for type Texture
18:09:56: GLRenderSystem::_createRenderWindow "Ogre Rendering #396946", 800x600 windowed  miscParams: FSAA=4 externalWindowHandle=396946 
18:09:56: GL_VERSION = 4.0.0 - Build 9.18.10.3165
18:09:56: GL_VENDOR = Intel
18:09:56: GL_RENDERER = Intel(R) HD Graphics 4600
18:09:56: GL_EXTENSIONS = GL_EXT_blend_minmax GL_EXT_blend_subtract GL_EXT_blend_color GL_EXT_abgr GL_EXT_texture3D GL_EXT_clip_volume_hint GL_EXT_compiled_vertex_array GL_SGIS_texture_edge_clamp GL_SGIS_generate_mipmap GL_EXT_draw_range_elements GL_SGIS_texture_lod GL_EXT_rescale_normal GL_EXT_packed_pixels GL_EXT_texture_edge_clamp GL_EXT_separate_specular_color GL_ARB_multitexture GL_ARB_map_buffer_alignment GL_ARB_conservative_depth GL_EXT_texture_env_combine GL_EXT_bgra GL_EXT_blend_func_separate GL_EXT_secondary_color GL_EXT_fog_coord GL_EXT_texture_env_add GL_ARB_texture_cube_map GL_ARB_transpose_matrix GL_ARB_internalformat_query GL_ARB_texture_env_add GL_IBM_texture_mirrored_repeat GL_EXT_multi_draw_arrays GL_SUN_multi_draw_arrays GL_NV_blend_square GL_ARB_texture_compression GL_3DFX_texture_compression_FXT1 GL_EXT_texture_filter_anisotropic GL_ARB_texture_border_clamp GL_ARB_point_parameters GL_ARB_texture_env_combine GL_ARB_texture_env_dot3 GL_ARB_texture_env_crossbar GL_EXT_texture_compression_s3tc GL_ARB_shadow GL_ARB_window_pos GL_EXT_shadow_funcs GL_EXT_stencil_wrap GL_ARB_vertex_program GL_EXT_texture_rectangle GL_ARB_fragment_program GL_EXT_stencil_two_side GL_ATI_separate_stencil GL_ARB_vertex_buffer_object GL_EXT_texture_lod_bias GL_ARB_occlusion_query GL_ARB_fragment_shader GL_ARB_shader_objects GL_ARB_shading_language_100 GL_ARB_texture_non_power_of_two GL_ARB_vertex_shader GL_NV_texgen_reflection GL_ARB_point_sprite GL_ARB_fragment_program_shadow GL_EXT_blend_equation_separate GL_ARB_depth_texture GL_ARB_texture_rectangle GL_ARB_draw_buffers GL_ARB_color_buffer_float GL_ARB_half_float_pixel GL_ARB_texture_float GL_ARB_pixel_buffer_object GL_EXT_framebuffer_object GL_ARB_draw_instanced GL_ARB_half_float_vertex GL_ARB_occlusion_query2 GL_EXT_draw_buffers2 GL_WIN_swap_hint GL_EXT_texture_sRGB GL_ARB_multisample GL_EXT_packed_float GL_EXT_texture_shared_exponent GL_ARB_texture_rg GL_ARB_texture_compression_rgtc GL_NV_conditional_render GL_EXT_texture_swizzle GL_ARB_texture_gather GL_ARB_sync GL_ARB_framebuffer_sRGB GL_EXT_packed_depth_stencil GL_ARB_depth_buffer_float GL_EXT_transform_feedback GL_ARB_transform_feedback2 GL_ARB_draw_indirect GL_EXT_framebuffer_blit GL_EXT_framebuffer_multisample GL_ARB_framebuffer_object GL_EXT_texture_array GL_EXT_texture_integer GL_ARB_map_buffer_range GL_EXT_texture_snorm GL_ARB_blend_func_extended GL_INTEL_performance_queries GL_ARB_copy_buffer GL_ARB_sampler_objects GL_NV_primitive_restart GL_ARB_seamless_cube_map GL_ARB_uniform_buffer_object GL_ARB_depth_clamp GL_ARB_vertex_array_bgra GL_ARB_shader_bit_encoding GL_ARB_draw_buffers_blend GL_ARB_geometry_shader4 GL_EXT_geometry_shader4 GL_ARB_texture_query_lod GL_ARB_explicit_attrib_location GL_ARB_draw_elements_base_vertex GL_ARB_instanced_arrays GL_ARB_base_instance GL_ARB_fragment_coord_conventions GL_EXT_gpu_program_parameters GL_ARB_texture_buffer_object_rgb32 GL_ARB_compatibility GL_ARB_texture_rgb10_a2ui GL_ARB_texture_multisample GL_ARB_vertex_type_2_10_10_10_rev GL_ARB_timer_query GL_ARB_tessellation_shader GL_ARB_vertex_array_object GL_ARB_provoking_vertex GL_ARB_sample_shading GL_ARB_texture_cube_map_array GL_ARB_gpu_shader5 GL_ARB_gpu_shader_fp64 GL_ARB_shader_subroutine GL_ARB_transform_feedback3 GL_ARB_transform_feedback_instanced GL_EXT_texture_storage GL_ARB_texture_storage GL_INTEL_map_texture GL_ARB_ES2_compatibility 
18:09:56: Supported WGL extensions: WGL_EXT_depth_float WGL_ARB_buffer_region WGL_ARB_extensions_string WGL_ARB_make_current_read WGL_ARB_pixel_format WGL_ARB_pbuffer WGL_EXT_extensions_string WGL_EXT_swap_control WGL_EXT_swap_control_tear WGL_ARB_multisample WGL_ARB_pixel_format_float WGL_ARB_framebuffer_sRGB WGL_ARB_create_context WGL_ARB_create_context_profile WGL_EXT_pixel_format_packed_float WGL_EXT_create_context_es2_profile 
18:09:56: ***************************
18:09:56: *** GL Renderer Started ***
18:09:56: ***************************
18:09:56: Registering ResourceManager for type GpuProgram
18:09:56: GLSL support detected
18:09:56: GL: Using GL_EXT_framebuffer_object for rendering to textures (best)
18:09:56: FBO PF_UNKNOWN depth/stencil support: D0S1 D0S4 D0S8 D0S16 D16S0 D24S0 D32S0 Packed-D24S8 
18:09:56: FBO PF_A8 depth/stencil support: D0S0 D0S1 D0S4 D0S8 D0S16 D16S0 D24S0 D32S0 Packed-D24S8 
18:09:56: FBO PF_R5G6B5 depth/stencil support: D0S0 D0S1 D0S4 D0S8 D0S16 D16S0 D24S0 D32S0 Packed-D24S8 
18:09:56: FBO PF_B5G6R5 depth/stencil support: D0S0 D0S1 D0S4 D0S8 D0S16 D16S0 D24S0 D32S0 Packed-D24S8 
18:09:56: FBO PF_R8G8B8 depth/stencil support: D0S0 D0S1 D0S4 D0S8 D0S16 D16S0 D24S0 D32S0 Packed-D24S8 
18:09:56: FBO PF_B8G8R8 depth/stencil support: D0S0 D0S1 D0S4 D0S8 D0S16 D16S0 D24S0 D32S0 Packed-D24S8 
18:09:56: FBO PF_A8R8G8B8 depth/stencil support: D0S0 D0S1 D0S4 D0S8 D0S16 D16S0 D24S0 D32S0 Packed-D24S8 
18:09:56: FBO PF_B8G8R8A8 depth/stencil support: D0S0 D0S1 D0S4 D0S8 D0S16 D16S0 D24S0 D32S0 Packed-D24S8 
18:09:56: FBO PF_A2R10G10B10 depth/stencil support: D0S0 D0S1 D0S4 D0S8 D0S16 D16S0 D24S0 D32S0 Packed-D24S8 
18:09:56: FBO PF_A2B10G10R10 depth/stencil support: D0S0 D0S1 D0S4 D0S8 D0S16 D16S0 D24S0 D32S0 Packed-D24S8 
18:09:56: FBO PF_FLOAT16_RGB depth/stencil support: D0S0 D0S1 D0S4 D0S8 D0S16 D16S0 D24S0 D32S0 Packed-D24S8 
18:09:56: FBO PF_FLOAT16_RGBA depth/stencil support: D0S0 D0S1 D0S4 D0S8 D0S16 D16S0 D24S0 D32S0 Packed-D24S8 
18:09:56: FBO PF_FLOAT32_RGB depth/stencil support: D0S0 D0S1 D0S4 D0S8 D0S16 D16S0 D24S0 D32S0 Packed-D24S8 
18:09:56: FBO PF_FLOAT32_RGBA depth/stencil support: D0S0 D0S1 D0S4 D0S8 D0S16 D16S0 D24S0 D32S0 Packed-D24S8 
18:09:56: FBO PF_X8R8G8B8 depth/stencil support: D0S0 D0S1 D0S4 D0S8 D0S16 D16S0 D24S0 D32S0 Packed-D24S8 
18:09:56: FBO PF_X8B8G8R8 depth/stencil support: D0S0 D0S1 D0S4 D0S8 D0S16 D16S0 D24S0 D32S0 Packed-D24S8 
18:09:56: FBO PF_SHORT_RGBA depth/stencil support: D0S0 D0S1 D0S4 D0S8 D0S16 D16S0 D24S0 D32S0 Packed-D24S8 
18:09:56: FBO PF_R3G3B2 depth/stencil support: D0S0 D0S1 D0S4 D0S8 D0S16 D16S0 D24S0 D32S0 Packed-D24S8 
18:09:56: FBO PF_SHORT_RGB depth/stencil support: D0S0 D0S1 D0S4 D0S8 D0S16 D16S0 D24S0 D32S0 Packed-D24S8 
18:09:56: [GL] : Valid FBO targets PF_UNKNOWN PF_A8 PF_R5G6B5 PF_B5G6R5 PF_R8G8B8 PF_B8G8R8 PF_A8R8G8B8 PF_B8G8R8A8 PF_A2R10G10B10 PF_A2B10G10R10 PF_FLOAT16_RGB PF_FLOAT16_RGBA PF_FLOAT32_RGB PF_FLOAT32_RGBA PF_X8R8G8B8 PF_X8B8G8R8 PF_SHORT_RGBA PF_R3G3B2 PF_SHORT_RGB 
18:09:56: RenderSystem capabilities
18:09:56: -------------------------
18:09:56: RenderSystem Name: OpenGL Rendering Subsystem
18:09:56: GPU Vendor: intel
18:09:56: Device Name: Intel(R) HD Graphics 4600
18:09:56: Driver Version: 4.0.0.0
18:09:56:  * Fixed function pipeline: yes
18:09:56:  * Hardware generation of mipmaps: no
18:09:56:  * Texture blending: yes
18:09:56:  * Anisotropic texture filtering: yes
18:09:56:  * Dot product texture operation: yes
18:09:56:  * Cube mapping: yes
18:09:56:  * Hardware stencil buffer: yes
18:09:56:    - Stencil depth: 8
18:09:56:    - Two sided stencil support: yes
18:09:56:    - Wrap stencil values: yes
18:09:56:  * Hardware vertex / index buffers: yes
18:09:56:  * 32-bit index buffers: yes
18:09:56:  * Vertex programs: yes
18:09:56:  * Number of floating-point constants for vertex programs: 256
18:09:56:  * Number of integer constants for vertex programs: 0
18:09:56:  * Number of boolean constants for vertex programs: 0
18:09:56:  * Fragment programs: yes
18:09:56:  * Number of floating-point constants for fragment programs: 256
18:09:56:  * Number of integer constants for fragment programs: 0
18:09:56:  * Number of boolean constants for fragment programs: 0
18:09:56:  * Geometry programs: yes
18:09:56:  * Number of floating-point constants for geometry programs: 4096
18:09:56:  * Number of integer constants for geometry programs: 0
18:09:56:  * Number of boolean constants for geometry programs: 0
18:09:56:  * Tessellation Hull programs: no
18:09:56:  * Number of floating-point constants for tessellation hull programs: 0
18:09:56:  * Number of integer constants for tessellation hull programs: 0
18:09:56:  * Number of boolean constants for tessellation hull programs: 0
18:09:56:  * Tessellation Domain programs: no
18:09:56:  * Number of floating-point constants for tessellation domain programs: 0
18:09:56:  * Number of integer constants for tessellation domain programs: 0
18:09:56:  * Number of boolean constants for tessellation domain programs: 0
18:09:56:  * Compute programs: no
18:09:56:  * Number of floating-point constants for compute programs: 0
18:09:56:  * Number of integer constants for compute programs: 0
18:09:56:  * Number of boolean constants for compute programs: 0
18:09:56:  * Supported Shader Profiles: arbfp1 arbvp1 glsl glsl100 glsl110 glsl120 gp4gp gpu_gp nvgp4
18:09:56:  * Texture Compression: yes
18:09:56:    - DXT: yes
18:09:56:    - VTC: no
18:09:56:    - PVRTC: no
18:09:56:    - ATC: no
18:09:56:    - ETC1: no
18:09:56:    - ETC2: no
18:09:56:    - BC4/BC5: no
18:09:56:    - BC6H/BC7: no
18:09:56:  * Scissor Rectangle: yes
18:09:56:  * Hardware Occlusion Query: yes
18:09:56:  * User clip planes: yes
18:09:56:  * VET_UBYTE4 vertex element type: yes
18:09:56:  * Infinite far plane projection: yes
18:09:56:  * Hardware render-to-texture: yes
18:09:56:  * Floating point textures: yes
18:09:56:  * Non-power-of-two textures: yes
18:09:56:  * 1d textures: yes
18:09:56:  * Volume textures: yes
18:09:56:  * Multiple Render Targets: 8
18:09:56:    - With different bit depths: yes
18:09:56:  * Point Sprites: yes
18:09:56:  * Extended point parameters: yes
18:09:56:  * Max Point Size: 255
18:09:56:  * Vertex texture fetch: yes
18:09:56:  * Number of world matrices: 0
18:09:56:  * Number of texture units: 16
18:09:56:  * Stencil buffer depth: 8
18:09:56:  * Number of vertex blend matrices: 0
18:09:56:    - Max vertex textures: 16
18:09:56:    - Vertex textures shared: yes
18:09:56:  * Render to Vertex Buffer : no
18:09:56:  * Hardware Atomic Counters: no
18:09:56:  * GL 1.5 without VBO workaround: no
18:09:56:  * Frame Buffer objects: yes
18:09:56:  * Frame Buffer objects (ARB extension): no
18:09:56:  * Frame Buffer objects (ATI extension): no
18:09:56:  * PBuffer support: yes
18:09:56:  * GL 1.5 without HW-occlusion workaround: no
18:09:56:  * Vertex Array Objects: no
18:09:56:  * Separate shader objects: no
18:09:56: Using FSAA from GL_ARB_multisample extension.
18:09:56: DefaultWorkQueue('Root') initialising on thread 2d0c.
18:09:56: Particle Renderer Type 'billboard' registered
18:09:56: DefaultWorkQueue('Root')::WorkerFunc - thread 2650 starting.
18:09:56: DefaultWorkQueue('Root')::WorkerFunc - thread 2ef8 starting.
18:09:56: DefaultWorkQueue('Root')::WorkerFunc - thread 22f0 starting.
18:09:56: DefaultWorkQueue('Root')::WorkerFunc - thread 247c starting.
18:09:56: OverlayElementFactory for type Panel registered.
18:09:56: OverlayElementFactory for type BorderPanel registered.
18:09:56: OverlayElementFactory for type TextArea registered.
18:09:56: Registering ResourceManager for type Font
18:09:56: Creating resource group Essential
18:09:56: Added resource location 'F:/大疆/DJI升级/DJI_Assistant_2_For_Win_v0.1.122/Assistant/Media/SdkTrays.zip' of type 'Zip' to resource group 'Essential'
18:09:56: Added resource location 'F:/大疆/DJI升级/DJI_Assistant_2_For_Win_v0.1.122/Assistant/Media' of type 'FileSystem' to resource group 'General'
18:09:56: Added resource location 'F:/大疆/DJI升级/DJI_Assistant_2_For_Win_v0.1.122/Assistant/Media/Models' of type 'FileSystem' to resource group 'General'
18:09:56: Added resource location 'F:/大疆/DJI升级/DJI_Assistant_2_For_Win_v0.1.122/Assistant/Media/Materials' of type 'FileSystem' to resource group 'General'
18:09:56: Added resource location 'F:/大疆/DJI升级/DJI_Assistant_2_For_Win_v0.1.122/Assistant/Media/OgreCore.zip' of type 'Zip' to resource group 'General'
18:09:56: Parsing scripts for resource group Autodetect
18:09:56: Finished parsing scripts for resource group Autodetect
18:09:56: Creating resources for group Autodetect
18:09:56: All done
18:09:56: Parsing scripts for resource group Essential
18:09:56: Parsing script SdkTrays.material
18:09:56: Parsing script SdkTrays.fontdef
18:09:56: Parsing script SdkTrays.overlay
18:09:56: Bad element attribute line: '# you can offset the image to change the cursor "hotspot"' for element SdkTrays/Cursor in overlay 
18:09:56: Texture: sdk_cursor.png: Loading 1 faces(PF_A8R8G8B8,32x32x1) with 5 generated mipmaps from Image. Internal format is PF_A8R8G8B8,32x32x1.
18:09:56: Texture: sdk_tray.png: Loading 1 faces(PF_A8R8G8B8,64x64x1) with 6 generated mipmaps from Image. Internal format is PF_A8R8G8B8,64x64x1.
18:09:56: Texture: sdk_button_up.png: Loading 1 faces(PF_A8R8G8B8,128x32x1) with 7 generated mipmaps from Image. Internal format is PF_A8R8G8B8,128x32x1.
18:09:56: Texture: sdk_text_box.png: Loading 1 faces(PF_A8R8G8B8,32x32x1) with 5 generated mipmaps from Image. Internal format is PF_A8R8G8B8,32x32x1.
18:09:56: Texture: sdk_mini_tray.png: Loading 1 faces(PF_A8R8G8B8,32x32x1) with 5 generated mipmaps from Image. Internal format is PF_A8R8G8B8,32x32x1.
18:09:56: Texture: sdk_track.png: Loading 1 faces(PF_A8R8G8B8,16x32x1) with 5 generated mipmaps from Image. Internal format is PF_A8R8G8B8,16x32x1.
18:09:56: Texture: sdk_handle.png: Loading 1 faces(PF_A8R8G8B8,16x16x1) with 4 generated mipmaps from Image. Internal format is PF_A8R8G8B8,16x16x1.
18:09:56: Texture: sdk_mini_text_box.png: Loading 1 faces(PF_A8R8G8B8,32x32x1) with 5 generated mipmaps from Image. Internal format is PF_A8R8G8B8,32x32x1.
18:09:56: Texture: sdk_label.png: Loading 1 faces(PF_A8R8G8B8,32x32x1) with 5 generated mipmaps from Image. Internal format is PF_A8R8G8B8,32x32x1.
18:09:56: Texture: sdk_separator.png: Loading 1 faces(PF_A8R8G8B8,64x16x1) with 6 generated mipmaps from Image. Internal format is PF_A8R8G8B8,64x16x1.
18:09:56: Texture: sdk_logo.png: Loading 1 faces(PF_A8R8G8B8,128x64x1) with 7 generated mipmaps from Image. Internal format is PF_A8R8G8B8,128x64x1.
18:09:56: Texture: sdk_shade.png: Loading 1 faces(PF_A8R8G8B8,64x48x1) with 6 generated mipmaps from Image. Internal format is PF_A8R8G8B8,64x48x1.
18:09:56: Texture: sdk_frame.png: Loading 1 faces(PF_A8R8G8B8,32x32x1) with 5 generated mipmaps from Image. Internal format is PF_A8R8G8B8,32x32x1.
18:09:56: Texture: sdk_mini_text_box_over.png: Loading 1 faces(PF_A8R8G8B8,32x32x1) with 5 generated mipmaps from Image. Internal format is PF_A8R8G8B8,32x32x1.
18:09:56: Texture: sdk_pulse.png: Loading 1 faces(PF_R8G8B8,8x1x1) with 3 generated mipmaps from Image. Internal format is PF_X8R8G8B8,8x1x1.
18:09:56: Finished parsing scripts for resource group Essential
18:09:56: Creating resources for group Essential
18:09:56: All done
18:09:56: Parsing scripts for resource group General
18:09:56: Parsing script glow.program
18:09:57: Parsing script blinn3SG.material
18:09:57: Parsing script blinn4SG.material
18:09:57: Parsing script blinn4SG_glow.material
18:09:57: Parsing script Examples.material
18:09:57: Parsing script initialShadingGroup.material
18:09:57: Parsing script lambert3SG.001.material
18:09:57: Parsing script lambert3SG_lambert4SG.material
18:09:57: Parsing script lambert4SG.001.material
18:09:57: Parsing script ookkkk_initialShadingGroup.material
18:09:57: Parsing script pCylinder21SG.material
18:09:57: Parsing script pCylinder4SG.material
18:09:57: Parsing script phong1SG.material
18:09:57: Parsing script phong3.material
18:09:57: Parsing script phong3SG.material
18:09:57: Parsing script phong4SG.material
18:09:57: Parsing script phong5.material
18:09:57: Parsing script phong6.material
18:09:57: Parsing script phong7.material
18:09:57: Parsing script polySurface324SG.material
18:09:57: Parsing script polySurface345SG.material
18:09:57: Parsing script initialShadingGroup.material
18:09:57: Parsing script lambert3SG.001.material
18:09:57: Parsing script lambert3SG_lambert4SG.material
18:09:57: Parsing script lambert4SG.001.material
18:09:57: Parsing script M100a.material
18:09:57: Parsing script M100b.material
18:09:57: Parsing script M100c.material
18:09:57: Parsing script M100d.material
18:09:57: Parsing script M100_body.material
18:09:57: Parsing script pCylinder21SG.material
18:09:57: Parsing script pCylinder4SG.material
18:09:57: Parsing script phong1SG.material
18:09:57: Parsing script phong3.material
18:09:57: Parsing script phong3SG.material
18:09:57: Parsing script phong4SG.material
18:09:57: Parsing script phong5.material
18:09:57: Parsing script phong6.material
18:09:57: Parsing script phong7.material
18:09:57: Parsing script polySurface324SG.material
18:09:57: Parsing script polySurface345SG.material
18:09:57: Parsing script OgreCore.material
18:09:57: Parsing script OgreProfiler.material
18:09:57: Parsing script glow.compositor
18:09:57: Parsing script Ogre.fontdef
18:09:57: Parsing script OgreDebugPanel.overlay
18:09:57: Texture: New_Ogre_Border_Center.png: Loading 1 faces(PF_A8R8G8B8,256x128x1) with 8 generated mipmaps from Image. Internal format is PF_A8R8G8B8,256x128x1.
18:09:57: Texture: New_Ogre_Border.png: Loading 1 faces(PF_A8R8G8B8,256x256x1) with 8 generated mipmaps from Image. Internal format is PF_A8R8G8B8,256x256x1.
18:09:57: Texture: New_Ogre_Border_Break.png: Loading 1 faces(PF_A8R8G8B8,32x32x1) with 5 generated mipmaps from Image. Internal format is PF_A8R8G8B8,32x32x1.
18:09:57: Parsing script OgreLoadingPanel.overlay
18:09:57: Finished parsing scripts for resource group General
18:09:57: Creating resources for group General
18:09:57: All done
18:09:57: Parsing scripts for resource group Internal
18:09:57: Finished parsing scripts for resource group Internal
18:09:57: Creating resources for group Internal
18:09:57: All done
18:09:57: Texture: clouds.jpg: Loading 1 faces(PF_R8G8B8,256x256x1) with 8 generated mipmaps from Image. Internal format is PF_X8R8G8B8,256x256x1.
18:09:57: Texture: grass_1024.jpg: Loading 1 faces(PF_R8G8B8,1024x1024x1) with 10 generated mipmaps from Image. Internal format is PF_X8R8G8B8,1024x1024x1.
18:09:57: Mesh: Loading P4_LOW_jishen.mesh.
18:09:57: WARNING: P4_LOW_jishen.mesh is an older format ([MeshSerializer_v1.41]); you should upgrade it as soon as possible using the OgreMeshUpgrade tool.
18:09:57: Mesh: Loading P4_LOW_dianji_1.mesh.
18:09:57: WARNING: P4_LOW_dianji_1.mesh is an older format ([MeshSerializer_v1.41]); you should upgrade it as soon as possible using the OgreMeshUpgrade tool.
18:09:57: Mesh: Loading P4_LOW_dianji_2.mesh.
18:09:57: WARNING: P4_LOW_dianji_2.mesh is an older format ([MeshSerializer_v1.41]); you should upgrade it as soon as possible using the OgreMeshUpgrade tool.
18:09:57: Mesh: Loading P4_LOW_dianji_3.mesh.
18:09:57: WARNING: P4_LOW_dianji_3.mesh is an older format ([MeshSerializer_v1.41]); you should upgrade it as soon as possible using the OgreMeshUpgrade tool.
18:09:57: Mesh: Loading P4_LOW_dianji_4.mesh.
18:09:57: WARNING: P4_LOW_dianji_4.mesh is an older format ([MeshSerializer_v1.41]); you should upgrade it as soon as possible using the OgreMeshUpgrade tool.
18:09:57: Mesh: Loading P4_LOW_jiang_4.mesh.
18:09:57: WARNING: P4_LOW_jiang_4.mesh is an older format ([MeshSerializer_v1.41]); you should upgrade it as soon as possible using the OgreMeshUpgrade tool.
18:09:57: Mesh: Loading P4_LOW_jiang_2.mesh.
18:09:57: WARNING: P4_LOW_jiang_2.mesh is an older format ([MeshSerializer_v1.41]); you should upgrade it as soon as possible using the OgreMeshUpgrade tool.
18:09:57: Mesh: Loading P4_LOW_jiang_1.mesh.
18:09:57: WARNING: P4_LOW_jiang_1.mesh is an older format ([MeshSerializer_v1.41]); you should upgrade it as soon as possible using the OgreMeshUpgrade tool.
18:09:57: Mesh: Loading P4_LOW_jiang_3.mesh.
18:09:57: WARNING: P4_LOW_jiang_3.mesh is an older format ([MeshSerializer_v1.41]); you should upgrade it as soon as possible using the OgreMeshUpgrade tool.
18:09:57: WARNING: material GlowCompositorMat/GlowB has no supportable Techniques and will be blank. Explanation: 
Pass 0: Fragment program GlowB_fp cannot be used - not supported.

18:09:57: WARNING: material GlowCompositorMat/GlowB has no supportable Techniques and will be blank. Explanation: 
Pass 0: Fragment program GlowB_fp cannot be used - not supported.

18:09:57: CompositorChain: Compositor Glow has no supported techniques.
18:09:57: Texture: spot_shadow_fade.png: Loading 1 faces(PF_R8G8B8,128x128x1) with 7 generated mipmaps from Image. Internal format is PF_X8R8G8B8,128x128x1.
18:09:57: Mesh: Loading M100_body.mesh.
18:09:57: WARNING: M100_body.mesh is an older format ([MeshSerializer_v1.41]); you should upgrade it as soon as possible using the OgreMeshUpgrade tool.
18:09:57: Mesh: Loading M100a.mesh.
18:09:57: WARNING: M100a.mesh is an older format ([MeshSerializer_v1.41]); you should upgrade it as soon as possible using the OgreMeshUpgrade tool.
18:09:57: Mesh: Loading M100b.mesh.
18:09:57: WARNING: M100b.mesh is an older format ([MeshSerializer_v1.41]); you should upgrade it as soon as possible using the OgreMeshUpgrade tool.
18:09:57: Mesh: Loading M100c.mesh.
18:09:57: WARNING: M100c.mesh is an older format ([MeshSerializer_v1.41]); you should upgrade it as soon as possible using the OgreMeshUpgrade tool.
18:09:57: Mesh: Loading M100d.mesh.
18:09:57: WARNING: M100d.mesh is an older format ([MeshSerializer_v1.41]); you should upgrade it as soon as possible using the OgreMeshUpgrade tool.
18:09:57: Font SdkTrays/Value using texture size 512x256
18:09:57: Info: Freetype returned null for character 160 in font SdkTrays/Value
18:09:57: Texture: SdkTrays/ValueTexture: Loading 1 faces(PF_BYTE_LA,512x256x1) with 0 generated mipmaps from Image. Internal format is PF_BYTE_LA,512x256x1.
