生成启动时间为 2016/3/8 21:59:14。
     1>项目“F:\大疆\Guidance-SDK-master\Guidance-SDK-master\examples\usb_example\DJI_guidance_example\DJI_guidance_example_vs2010.vcxproj”在节点 2 上(build 个目标)。
     1>InitializeBuildStatus:
         正在创建“Debug\DJI_guidance_example.unsuccessfulbuild”，因为已指定“AlwaysCreate”。
       ClCompile:
         D:\Program Files (x86)\Microsoft Visual Studio 10.0\VC\bin\CL.exe /c /I\build\include\ /I"F:\大疆\Guidance-SDK-master\Guidance-SDK-master\examples\usb_example\..\..\include" /ZI /nologo /W3 /WX- /Od /Oy- /D WIN32 /D _DEBUG /D _CONSOLE /D _UNICODE /D UNICODE /Gm /EHsc /RTC1 /MDd /GS /fp:precise /Zc:wchar_t /Zc:forScope /Fo"Debug\\" /Fd"Debug\vc100.pdb" /Gd /TP /analyze- /errorReport:prompt main.cpp /DWIN32 
         main.cpp
     1>f:\大疆\guidance-sdk-master\guidance-sdk-master\examples\usb_example\dji_guidance_example\dji_guidance.h(177): warning C4305: “=”: 从“double”到“float”截断
     1>f:\大疆\guidance-sdk-master\guidance-sdk-master\examples\usb_example\dji_guidance_example\main.cpp(52): warning C4996: 'strcpy': This function or variable may be unsafe. Consider using strcpy_s instead. To disable deprecation, use _CRT_SECURE_NO_WARNINGS. See online help for details.
                 d:\program files (x86)\microsoft visual studio 10.0\vc\include\string.h(105) : 参见“strcpy”的声明
     1>f:\大疆\guidance-sdk-master\guidance-sdk-master\examples\usb_example\dji_guidance_example\main.cpp(240): warning C4244: “=”: 从“float”转换到“unsigned int”，可能丢失数据
       Link:
         D:\Program Files (x86)\Microsoft Visual Studio 10.0\VC\bin\link.exe /ERRORREPORT:PROMPT /OUT:"F:\大疆\Guidance-SDK-master\Guidance-SDK-master\examples\usb_example\bin\2010\x86\DJI_guidance_exampled.exe" /INCREMENTAL:NO /NOLOGO /LIBPATH:\build\x86\vc10\lib /LIBPATH:"F:\大疆\Guidance-SDK-master\Guidance-SDK-master\examples\usb_example\..\..\lib\2010\x86" DJI_guidance.lib opencv_calib3d2410d.lib opencv_contrib2410d.lib opencv_core2410d.lib opencv_features2d2410d.lib opencv_flann2410d.lib opencv_gpu2410d.lib opencv_highgui2410d.lib opencv_imgproc2410d.lib opencv_legacy2410d.lib opencv_ml2410d.lib opencv_nonfree2410d.lib opencv_objdetect2410d.lib opencv_photo2410d.lib opencv_stitching2410d.lib opencv_ts2410d.lib opencv_video2410d.lib opencv_videostab2410d.lib opencv_calib3d2410.lib opencv_contrib2410.lib opencv_core2410.lib opencv_features2d2410.lib opencv_flann2410.lib opencv_gpu2410.lib opencv_highgui2410.lib opencv_imgproc2410.lib opencv_legacy2410.lib opencv_ml2410.lib opencv_nonfree2410.lib opencv_objdetect2410.lib opencv_photo2410.lib opencv_stitching2410.lib opencv_ts2410.lib opencv_video2410.lib opencv_videostab2410.lib kernel32.lib user32.lib gdi32.lib winspool.lib comdlg32.lib advapi32.lib shell32.lib ole32.lib oleaut32.lib uuid.lib odbc32.lib odbccp32.lib /MANIFEST /ManifestFile:"Debug\DJI_guidance_exampled.exe.intermediate.manifest" /MANIFESTUAC:"level='asInvoker' uiAccess='false'" /DEBUG /PDB:"F:\大疆\Guidance-SDK-master\Guidance-SDK-master\examples\usb_example\bin\2010\x86\DJI_guidance_exampled.pdb" /SUBSYSTEM:CONSOLE /TLBID:1 /DYNAMICBASE /NXCOMPAT /IMPLIB:"F:\大疆\Guidance-SDK-master\Guidance-SDK-master\examples\usb_example\bin\2010\x86\DJI_guidance_exampled.lib" /MACHINE:X86 Debug\DJI_utility.obj
         Debug\main.obj
     1>DJI_utility.obj : warning LNK4075: 忽略“/EDITANDCONTINUE”(由于“/INCREMENTAL:NO”规范)
         DJI_guidance_example_vs2010.vcxproj -> F:\大疆\Guidance-SDK-master\Guidance-SDK-master\examples\usb_example\bin\2010\x86\DJI_guidance_exampled.exe
       Manifest:
         C:\Program Files (x86)\Microsoft SDKs\Windows\v7.0A\bin\mt.exe /nologo /verbose /outputresource:"F:\大疆\Guidance-SDK-master\Guidance-SDK-master\examples\usb_example\bin\2010\x86\DJI_guidance_exampled.exe;#1" /manifest Debug\DJI_guidance_exampled.exe.intermediate.manifest
       FinalizeBuildStatus:
         正在删除文件“Debug\DJI_guidance_example.unsuccessfulbuild”。
         正在对“Debug\DJI_guidance_example.lastbuildstate”执行 Touch 任务。
     1>已完成生成项目“F:\大疆\Guidance-SDK-master\Guidance-SDK-master\examples\usb_example\DJI_guidance_example\DJI_guidance_example_vs2010.vcxproj”(build 个目标)的操作。

生成成功。

已用时间 00:00:01.90
